#
# There is insufficient memory for the Java Runtime Environment to continue.
# Native memory allocation (malloc) failed to allocate 1048576 bytes for AllocateHeap
# Possible reasons:
#   The system is out of physical RAM or swap space
#   The process is running with CompressedOops enabled, and the Java Heap may be blocking the growth of the native heap
# Possible solutions:
#   Reduce memory load on the system
#   Increase physical memory or swap space
#   Check if swap backing store is full
#   Decrease Java heap size (-Xmx/-Xms)
#   Decrease number of Java threads
#   Decrease Java thread stack sizes (-Xss)
#   Set larger code cache with -XX:ReservedCodeCacheSize=
# This output file may be truncated or incomplete.
#
#  Out of Memory Error (./src/hotspot/share/memory/allocation.cpp:46), pid=644, tid=16516
#
# JRE version:  (11.0.11+9) (build )
# Java VM: OpenJDK 64-Bit Server VM (11.0.11+9-b1341.60, mixed mode, sharing, tiered, compressed oops, g1 gc, windows-amd64)
# No core dump will be written. Minidumps are not enabled by default on client versions of Windows
#

---------------  S U M M A R Y ------------

Command Line: org.jetbrains.git4idea.http.GitAskPassApp Username for 'https://github.com': 

Host: 11th Gen Intel(R) Core(TM) i5-1135G7 @ 2.40GHz, 8 cores, 7G,  Windows 10 , 64 bit Build 22000 (10.0.22000.708)
Time: Wed Oct 19 18:17:09 2022 Eastern Daylight Time elapsed time: 0.011635 seconds (0d 0h 0m 0s)

---------------  T H R E A D  ---------------

Current thread (0x000002be2b4a6800):  JavaThread "Unknown thread" [_thread_in_vm, id=16516, stack(0x000000dbdbb00000,0x000000dbdbc00000)]

Stack: [0x000000dbdbb00000,0x000000dbdbc00000]
Native frames: (J=compiled Java code, j=interpreted, Vv=VM code, C=native code)
V  [jvm.dll+0x5f5c8a]
V  [jvm.dll+0x779405]
V  [jvm.dll+0x77aa1d]
V  [jvm.dll+0x77b0d3]
V  [jvm.dll+0x244bc8]
V  [jvm.dll+0xb4cc4]
V  [jvm.dll+0x2e33a7]
V  [jvm.dll+0x2dc50a]
V  [jvm.dll+0x757bf7]
V  [jvm.dll+0x7593ec]
V  [jvm.dll+0x35b8d9]
V  [jvm.dll+0x73b38e]
V  [jvm.dll+0x3c3cc3]
V  [jvm.dll+0x3c60e1]
C  [jli.dll+0x5373]
C  [ucrtbase.dll+0x26c0c]
C  [KERNEL32.DLL+0x154e0]
C  [ntdll.dll+0x485b]


---------------  P R O C E S S  ---------------

Threads class SMR info:
_java_thread_list=0x000002be29373510, length=0, elements={
}

Java Threads: ( => current thread )

Other Threads:
  0x000002be2b4bf000 GCTaskThread "GC Thread#0" [stack: 0x000000dbdbc00000,0x000000dbdbd00000] [id=17628]

[error occurred during error reporting (printing all threads), id 0xc0000005, EXCEPTION_ACCESS_VIOLATION (0xc0000005) at pc=0x00007ffbcc5987d0]

VM state:not at safepoint (not fully initialized)

VM Mutex/Monitor currently owned by a thread:  ([mutex/lock_event])
[0x000002be2b4a3a60] Heap_lock - owner thread: 0x000002be2b4a6800

Heap address: 0x0000000084e00000, size: 1970 MB, Compressed Oops mode: Non-zero based: 0x0000000084e00000
Narrow klass base: 0x0000000000000000, Narrow klass shift: 0

GC Heap History (0 events):
No events

Deoptimization events (0 events):
No events

Classes redefined (0 events):
No events

Internal exceptions (0 events):
No events

Events (1 events):
Event: 0.008 Loaded shared library C:\Program Files\Tools\IntelliJ IDEA Community Edition 2021.1.1\jbr\bin\zip.dll


Dynamic libraries:
0x00007ff721870000 - 0x00007ff72187a000 	C:\Program Files\Tools\IntelliJ IDEA Community Edition 2021.1.1\jbr\bin\java.exe
0x00007ffc369c0000 - 0x00007ffc36bc9000 	C:\WINDOWS\SYSTEM32\ntdll.dll
0x00007ffc36570000 - 0x00007ffc3662d000 	C:\WINDOWS\System32\KERNEL32.DLL
0x00007ffc33e90000 - 0x00007ffc3420b000 	C:\WINDOWS\System32\KERNELBASE.dll
0x00007ffc34290000 - 0x00007ffc343a1000 	C:\WINDOWS\System32\ucrtbase.dll
0x00007ffc2f5d0000 - 0x00007ffc2f5e7000 	C:\Program Files\Tools\IntelliJ IDEA Community Edition 2021.1.1\jbr\bin\VCRUNTIME140.dll
0x00007ffc2f540000 - 0x00007ffc2f559000 	C:\Program Files\Tools\IntelliJ IDEA Community Edition 2021.1.1\jbr\bin\jli.dll
0x00007ffc36640000 - 0x00007ffc367ed000 	C:\WINDOWS\System32\USER32.dll
0x00007ffc346b0000 - 0x00007ffc346d6000 	C:\WINDOWS\System32\win32u.dll
0x00007ffc35740000 - 0x00007ffc35769000 	C:\WINDOWS\System32\GDI32.dll
0x00007ffc34420000 - 0x00007ffc34538000 	C:\WINDOWS\System32\gdi32full.dll
0x00007ffc347a0000 - 0x00007ffc3483d000 	C:\WINDOWS\System32\msvcp_win.dll
0x00007ffc0c120000 - 0x00007ffc0c3c5000 	C:\WINDOWS\WinSxS\amd64_microsoft.windows.common-controls_6595b64144ccf1df_6.0.22000.120_none_9d947278b86cc467\COMCTL32.dll
0x00007ffc367f0000 - 0x00007ffc36893000 	C:\WINDOWS\System32\msvcrt.dll
0x00007ffc36320000 - 0x00007ffc36351000 	C:\WINDOWS\System32\IMM32.DLL
0x00007ffc176d0000 - 0x00007ffc1776d000 	C:\Program Files\Tools\IntelliJ IDEA Community Edition 2021.1.1\jbr\bin\msvcp140.dll
0x00007ffbcc2b0000 - 0x00007ffbccdf9000 	C:\Program Files\Tools\IntelliJ IDEA Community Edition 2021.1.1\jbr\bin\server\jvm.dll
0x00007ffc35680000 - 0x00007ffc3572e000 	C:\WINDOWS\System32\ADVAPI32.dll
0x00007ffc35060000 - 0x00007ffc350fe000 	C:\WINDOWS\System32\sechost.dll
0x00007ffc36360000 - 0x00007ffc36480000 	C:\WINDOWS\System32\RPCRT4.dll
0x00007ffc36630000 - 0x00007ffc36638000 	C:\WINDOWS\System32\PSAPI.DLL
0x00007ffc30c30000 - 0x00007ffc30c39000 	C:\WINDOWS\SYSTEM32\WSOCK32.dll
0x00007ffc32a80000 - 0x00007ffc32a8a000 	C:\WINDOWS\SYSTEM32\VERSION.dll
0x00007ffc2bdf0000 - 0x00007ffc2be23000 	C:\WINDOWS\SYSTEM32\WINMM.dll
0x00007ffc349c0000 - 0x00007ffc34a2f000 	C:\WINDOWS\System32\WS2_32.dll
0x00007ffc32ed0000 - 0x00007ffc32ee8000 	C:\WINDOWS\SYSTEM32\kernel.appcore.dll
0x00007ffc30c10000 - 0x00007ffc30c21000 	C:\Program Files\Tools\IntelliJ IDEA Community Edition 2021.1.1\jbr\bin\verify.dll
0x00007ffc31570000 - 0x00007ffc31791000 	C:\WINDOWS\SYSTEM32\DBGHELP.DLL
0x00007ffc16150000 - 0x00007ffc16181000 	C:\WINDOWS\SYSTEM32\dbgcore.DLL
0x00007ffc34210000 - 0x00007ffc3428f000 	C:\WINDOWS\System32\bcryptPrimitives.dll
0x00007ffc30be0000 - 0x00007ffc30c09000 	C:\Program Files\Tools\IntelliJ IDEA Community Edition 2021.1.1\jbr\bin\java.dll
0x00007ffc30bd0000 - 0x00007ffc30bdb000 	C:\Program Files\Tools\IntelliJ IDEA Community Edition 2021.1.1\jbr\bin\jimage.dll
0x00007ffc308f0000 - 0x00007ffc30908000 	C:\Program Files\Tools\IntelliJ IDEA Community Edition 2021.1.1\jbr\bin\zip.dll

dbghelp: loaded successfully - version: 4.0.5 - missing functions: none
symbol engine: initialized successfully - sym options: 0x614 - pdb path: .;C:\Program Files\Tools\IntelliJ IDEA Community Edition 2021.1.1\jbr\bin;C:\WINDOWS\SYSTEM32;C:\WINDOWS\WinSxS\amd64_microsoft.windows.common-controls_6595b64144ccf1df_6.0.22000.120_none_9d947278b86cc467;C:\Program Files\Tools\IntelliJ IDEA Community Edition 2021.1.1\jbr\bin\server

VM Arguments:
java_command: org.jetbrains.git4idea.http.GitAskPassApp Username for 'https://github.com': 
java_class_path (initial): C:/Program Files/Tools/IntelliJ IDEA Community Edition 2021.1.1/plugins/git4idea/lib/git4idea-rt.jar;C:/Program Files/Tools/IntelliJ IDEA Community Edition 2021.1.1/lib/xmlrpc-2.0.1.jar;C:/Program Files/Tools/IntelliJ IDEA Community Edition 2021.1.1/lib/commons-codec-1.15.jar
Launcher Type: SUN_STANDARD

[Global flags]
     intx CICompilerCount                          = 4                                         {product} {ergonomic}
     uint ConcGCThreads                            = 2                                         {product} {ergonomic}
     uint G1ConcRefinementThreads                  = 8                                         {product} {ergonomic}
   size_t G1HeapRegionSize                         = 1048576                                   {product} {ergonomic}
    uintx GCDrainStackTargetSize                   = 64                                        {product} {ergonomic}
   size_t InitialHeapSize                          = 130023424                                 {product} {ergonomic}
   size_t MarkStackSize                            = 4194304                                   {product} {ergonomic}
   size_t MaxHeapSize                              = 2065694720                                {product} {ergonomic}
   size_t MinHeapDeltaBytes                        = 1048576                                   {product} {ergonomic}
    uintx NonNMethodCodeHeapSize                   = 5836300                                {pd product} {ergonomic}
    uintx NonProfiledCodeHeapSize                  = 122910970                              {pd product} {ergonomic}
    uintx ProfiledCodeHeapSize                     = 122910970                              {pd product} {ergonomic}
    uintx ReservedCodeCacheSize                    = 251658240                              {pd product} {ergonomic}
     bool SegmentedCodeCache                       = true                                      {product} {ergonomic}
     bool UseCompressedClassPointers               = true                                 {lp64_product} {ergonomic}
     bool UseCompressedOops                        = true                                 {lp64_product} {ergonomic}
     bool UseG1GC                                  = true                                      {product} {ergonomic}
     bool UseLargePagesIndividualAllocation        = false                                  {pd product} {ergonomic}

Logging:
Log output configuration:
 #0: stdout all=warning uptime,level,tags
 #1: stderr all=off uptime,level,tags

Environment Variables:
JAVA_HOME=C:\Program Files\Java\jdk-17.0.4.1
CLASSPATH=C:\Program Files\Java\jdk-11.0.10\lib\*.jar
PATH=C:\Program Files\Git\mingw64\libexec\git-core;C:\Program Files\Git\mingw64\libexec\git-core;C:\Program Files\Git\mingw64\bin;C:\Program Files\Git\usr\bin;C:\Users\miraa\bin;C:\Program Files\Java\jdk-17.0.4.1\bin;C:\Program Files\Common Files\Oracle\Java\javapath;C:\Program Files (x86)\Common Files\Oracle\Java\javapath;C:\WINDOWS\system32;C:\WINDOWS;C:\WINDOWS\System32\Wbem;C:\WINDOWS\System32\WindowsPowerShell\v1.0;C:\WINDOWS\System32\OpenSSH;C:\Software\apache-maven-3.6.3\bin;C:\Program Files\Microsoft SQL Server\Client SDK\ODBC\170\Tools\Binn;C:\Program Files (x86)\Microsoft SQL Server\150\Tools\Binn;C:\Program Files\Microsoft SQL Server\150\Tools\Binn;C:\Program Files\Microsoft SQL Server\150\DTS\Binn;C:\Program Files (x86)\Microsoft SQL Server\150\DTS\Binn;C:\Work\axis2-1.6.2\axis2-1.6.2\bin;C:\Program Files\Java\jdk-11.0.10\lib\*.jar;C:\Program Files\Java\jre1.8.0_281\bin;C:\Program Files\nodejs;C:\Program Files\Git\cmd;C:\Users\miraa\AppData\Local\Microsoft\WindowsApps;C:\Program Files\Azure Data Studio\bin;C:\Users\miraa\AppData\Local\Programs\Microsoft VS Code\bin;C:\Program Files\Tools\IntelliJ IDEA Community Edition 2021.1.1\bin;D:\Tools\gradle-7.0\bin;C:\Program Files\Java\jre1.8.0_281\bin;C:\Users\miraa\AppData\Roaming\npm
USERNAME=miraa
DISPLAY=:0.0
LC_ALL=en_US.UTF-8
OS=Windows_NT
PROCESSOR_IDENTIFIER=Intel64 Family 6 Model 140 Stepping 1, GenuineIntel



---------------  S Y S T E M  ---------------

OS: Windows 10 , 64 bit Build 22000 (10.0.22000.708)
OS uptime: 2 days 17:31 hours
Hyper-V role detected

CPU:total 8 (initial active 8) (4 cores per cpu, 2 threads per core) family 6 model 140 stepping 1 microcode 0xa4, cmov, cx8, fxsr, mmx, sse, sse2, sse3, ssse3, sse4.1, sse4.2, popcnt, avx, avx2, aes, clmul, erms, 3dnowpref, lzcnt, ht, tsc, tscinvbit, bmi1, bmi2, adx, evex, sha, fma

Memory: 4k page, system-wide physical 7872M (1174M free)
TotalPageFile size 9872M (AvailPageFile size 5M)
current process WorkingSet (physical memory assigned to process): 10M, peak: 10M
current process commit charge ("private bytes"): 55M, peak: 56M

vm_info: OpenJDK 64-Bit Server VM (11.0.11+9-b1341.60) for windows-amd64 JRE (11.0.11+9-b1341.60), built on Jun  4 2021 08:17:54 by "" with MS VC++ 14.0 (VS2015)

END.
